*** [30/11/2021 15:36:21] опрос точки 1 ( УКПГ-10 (ОРЭМ-2 оч.)) запущен ,порт TCP
*** точка опроса 190118 - след.опрос в "29/11/2021 16:30:10"
*** [29/11/2021 16:02:43] опрос точки 2 ( УКПГ-10 (ОРЭМ-2 оч.)) завершился с кодом 1
    опрос 11 завершился успешно, всего неудач 0
*** [30/11/2021 15:36:21] опрос точки 3 ( УКПГ-10 (ОРЭМ-2 оч.)) запущен ,порт TCP
*** точка опроса 2222 - след.опрос в "29/11/2021 16:30:10"
*** [29/11/2021 16:02:43] опрос точки 4 ( УКПГ-10 (ОРЭМ-2 оч.)) завершился с кодом 1
    опрос 11 завершился успешно, всего неудач 0
*** [30/11/2021 15:36:21] опрос точки 5 ( УКПГ-10 (ОРЭМ-2 оч.)) запущен ,порт TCP
*** точка опроса 190118 - след.опрос в "29/11/2021 16:30:10"
*** [29/11/2021 16:02:43] опрос точки 6 ( УКПГ-10 (ОРЭМ-2 оч.)) завершился с кодом 1
    опрос 11 завершился успешно, всего неудач 0
*** [30/11/2021 15:36:21] опрос точки 7 ( УКПГ-10 (ОРЭМ-2 оч.)) запущен ,порт TCP
*** точка опроса 2222 - след.опрос в "29/11/2021 16:30:10"
*** [29/11/2021 16:02:43] опрос точки 8 ( УКПГ-10 (ОРЭМ-2 оч.)) завершился с кодом 1
    опрос 11 завершился успешно, всего неудач 0
*** [29/11/2021 16:02:43] опрос точки 9 ( УКПГ-10 (ОРЭМ-2 оч.)) завершился с кодом 1
    опрос 11 завершился успешно, всего неудач 0
    *** [29/11/2021 16:02:43] опрос точки 10 ( УКПГ-10 (ОРЭМ-2 оч.)) завершился с кодом 1
    опрос 11 завершился успешно, всего неудач 0
*** [29/11/2021 16:02:43] опрос точки 11 ( УКПГ-10 (ОРЭМ-2 оч.)) завершился с кодом 1
    опрос 11 завершился успешно, всего неудач 0
    *** [29/11/2021 16:02:43] опрос точки 12 ( УКПГ-10 (ОРЭМ-2 оч.)) завершился с кодом 1
    опрос 11 завершился успешно, всего неудач 0
    *** [29/11/2021 16:02:43] опрос точки 13 ( УКПГ-10 (ОРЭМ-2 оч.)) завершился с кодом 1
    опрос 11 завершился успешно, всего неудач 0
    *** [29/11/2021 16:02:43] опрос точки 14 ( УКПГ-10 (ОРЭМ-2 оч.)) завершился с кодом 1
    опрос 11 завершился успешно, всего неудач 0
    *** [29/11/2021 16:02:43] опрос точки 15 ( УКПГ-10 (ОРЭМ-2 оч.)) завершился с кодом 1
    опрос 11 завершился успешно, всего неудач 0
    *** [30/11/2021 15:36:21] опрос точки 16 ( УКПГ-10 (ОРЭМ-2 оч.)) запущен ,порт TCP
    *** [30/11/2021 15:36:21] опрос точки 17 ( УКПГ-10 (ОРЭМ-2 оч.)) запущен ,порт TCP
    *** [30/11/2021 15:36:21] опрос точки 18 ( УКПГ-10 (ОРЭМ-2 оч.)) запущен ,порт TCP
    *** [29/11/2021 16:02:43] опрос точки 19 ( УКПГ-10 (ОРЭМ-2 оч.)) завершился с кодом 1
    опрос 11 завершился успешно, всего неудач 0    
    *** [29/11/2021 16:02:43] опрос точки 20 ( УКПГ-10 (ОРЭМ-2 оч.)) завершился с кодом 1
    опрос 11 завершился успешно, всего неудач 0
    *** [29/11/2021 16:02:43] опрос точки 21 ( УКПГ-10) завершился с кодом 1
    опрос 11 завершился успешно, всего неудач 0
    *** [29/11/2021 16:02:43] опрос точки 70 ( УКПГ-10 (ОРЭМ-2 оч.)) завершился с кодом 1
    опрос 11 завершился успешно, всего неудач 0
    *** [29/11/2021 16:02:43] опрос точки 80 ( УКПГ-10 (ОРЭМ-2 оч.)) завершился с кодом 1
    опрос 11 завершился успешно, всего неудач 0
    *** [29/11/2021 16:02:43] опрос точки 90 ( УКПГ-10 (ОРЭМ-2 оч.)) завершился с кодом 1
    опрос 11 завершился успешно, всего неудач 0
    *** [29/11/2021 16:02:43] опрос точки 100 ( УКПГ-10 (ОРЭМ-2 оч.)) завершился с кодом 1
    опрос 11 завершился успешно, всего неудач 0
    *** [29/11/2021 16:02:43] опрос точки 120 ( УКПГ-10 (ОРЭМ-2 оч.)) завершился с кодом 1
    опрос 11 завершился успешно, всего неудач 0
    *** [29/11/2021 16:02:43] опрос точки 22 ( УКПГ-10 (ОРЭМ-2 оч.)) завершился с кодом 1
    опрос 11 завершился успешно, всего неудач 0
    *** [29/11/2021 16:02:43] опрос точки 23 ( УКПГ-10 (ОРЭМ-2 оч.)) завершился с кодом 1
    опрос 11 завершился успешно, всего неудач 0
    *** [29/11/2021 16:02:43] опрос точки 24 ( УКПГ-10 (ОРЭМ-2 оч.)) завершился с кодом 1
    опрос 11 завершился успешно, всего неудач 0
    *** [29/11/2021 16:02:43] опрос точки 25 ( УКПГ-10 (ОРЭМ-2 оч.)) завершился с кодом 1
    опрос 11 завершился успешно, всего неудач 0
    *** [29/11/2021 16:02:43] опрос точки 26 ( УКПГ-10 (ОРЭМ-2 оч.)) завершился с кодом 1
    опрос 11 завершился успешно, всего неудач 0
    *** [29/11/2021 16:02:43] опрос точки 27 ( УКПГ-10 (ОРЭМ-2 оч.)) завершился с кодом 1
    опрос 11 завершился успешно, всего неудач 0
    *** [29/11/2021 16:02:43] опрос точки 28 ( УКПГ-10 (ОРЭМ-2 оч.)) завершился с кодом 1
    опрос 11 завершился успешно, всего неудач 0
    *** [29/11/2021 16:02:43] опрос точки 29 ( УКПГ-10 (ОРЭМ-2 оч.)) завершился с кодом 1
    опрос 11 завершился успешно, всего неудач 0
    *** [29/11/2021 16:02:43] опрос точки 30 ( УКПГ-10 (ОРЭМ-2 оч.)) завершился с кодом 1
    опрос 11 завершился успешно, всего неудач 0
    *** [29/11/2021 16:02:43] опрос точки 31 ( УКПГ-10 (ОРЭМ-2 оч.)) завершился с кодом 1
    опрос 11 завершился успешно, всего неудач 0
    *** [29/11/2021 16:02:43] опрос точки 32 ( УКПГ-10 (ОРЭМ-2 оч.)) завершился с кодом 1
    опрос 11 завершился успешно, всего неудач 0
    *** [29/11/2021 16:02:43] опрос точки 33 ( rrrrrrrrrrrrrrrrrrrrrrrrrrrrrr) завершился с кодом 1
    опрос 11 завершился успешно, всего неудач 0
    *** [29/11/2021 16:02:43] опрос точки 34 ( rrrrrrrrrrrrrrrrrrrrrrrrrrrrrr) завершился с кодом 1
    опрос 11 завершился успешно, всего неудач 0
    *** [29/11/2021 16:02:43] опрос точки 20 ( УКПГ-10 (ОРЭМ-2 оч.)) завершился с кодом 1
    опрос 11 завершился успешно, всего неудач 0
    *** [29/11/2021 16:02:43] опрос точки 21 ( УКПГ-10) завершился с кодом 1
    опрос 11 завершился успешно, всего неудач 0
    *** [29/11/2021 16:02:43] опрос точки 70 ( УКПГ-10 (ОРЭМ-2 оч.)) завершился с кодом 1
    опрос 11 завершился успешно, всего неудач 0
    *** [29/11/2021 16:02:43] опрос точки 80 ( УКПГ-10 (ОРЭМ-2 оч.)) завершился с кодом 1
    опрос 11 завершился успешно, всего неудач 0
    *** [29/11/2021 16:02:43] опрос точки 90 ( УКПГ-10 (ОРЭМ-2 оч.)) завершился с кодом 1
    опрос 11 завершился успешно, всего неудач 0
    *** [29/11/2021 16:02:43] опрос точки 100 ( УКПГ-10 (ОРЭМ-2 оч.)) завершился с кодом 1
    опрос 11 завершился успешно, всего неудач 0
    *** [29/11/2021 16:02:43] опрос точки 120 ( УКПГ-10 (ОРЭМ-2 оч.)) завершился с кодом 1
    опрос 11 завершился успешно, всего неудач 0
    *** [29/11/2021 16:02:43] опрос точки 122 ( УКПГ-10 (ОРЭМ-2 оч.)) завершился с кодом 1
    опрос 11 завершился успешно, всего неудач 0
    *** [29/11/2021 16:02:43] опрос точки 123 ( УКПГ-10 (ОРЭМ-2 оч.)) завершился с кодом 1
    опрос 11 завершился успешно, всего неудач 0
    *** [29/11/2021 16:02:43] опрос точки 124 ( УКПГ-10 (ОРЭМ-2 оч.)) завершился с кодом 1
    опрос 11 завершился успешно, всего неудач 0
    *** [29/11/2021 16:02:43] опрос точки 125 ( УКПГ-10 (ОРЭМ-2 оч.)) завершился с кодом 1
    опрос 11 завершился успешно, всего неудач 0
    *** [29/11/2021 16:02:43] опрос точки 126 ( УКПГ-10 (ОРЭМ-2 оч.)) завершился с кодом 1
    опрос 11 завершился успешно, всего неудач 0
    *** [29/11/2021 16:02:43] опрос точки 127 ( УКПГ-10 (ОРЭМ-2 оч.)) завершился с кодом 1
    опрос 11 завершился успешно, всего неудач 0
    *** [29/11/2021 16:02:43] опрос точки 128 ( УКПГ-10 (ОРЭМ-2 оч.)) завершился с кодом 1
    опрос 11 завершился успешно, всего неудач 0
    *** [29/11/2021 16:02:43] опрос точки 129 ( УКПГ-10 (ОРЭМ-2 оч.)) завершился с кодом 1
    опрос 11 завершился успешно, всего неудач 0
    *** [29/11/2021 16:02:43] опрос точки 130 ( УКПГ-10 (ОРЭМ-2 оч.)) завершился с кодом 1
    опрос 11 завершился успешно, всего неудач 0
    *** [29/11/2021 16:02:43] опрос точки 131 ( УКПГ-10 (ОРЭМ-2 оч.)) завершился с кодом 1
    опрос 11 завершился успешно, всего неудач 0
    *** [29/11/2021 16:02:43] опрос точки 132 ( УКПГ-10 (ОРЭМ-2 оч.)) завершился с кодом 1
    опрос 11 завершился успешно, всего неудач 0
    *** [29/11/2021 16:02:43] опрос точки 133 ( rrrrrrrrrrrrrrrrrrrrrrrrrrrrrr) завершился с кодом 1
    опрос 11 завершился успешно, всего неудач 0
    *** [29/11/2021 16:02:43] опрос точки 134 ( rrrrrrrrrrrrrrrrrrrrrrrrrrrrrr) завершился с кодом 1
    опрос 11 завершился успешно, всего неудач 0
    *** [29/11/2021 16:02:43] опрос точки 1128 ( УКПГ-10 (ОРЭМ-2 оч.)) завершился с кодом 1
    опрос 11 завершился успешно, всего неудач 0
    *** [29/11/2021 16:02:43] опрос точки 1129 ( УКПГ-10 (ОРЭМ-2 оч.)) завершился с кодом 1
    опрос 11 завершился успешно, всего неудач 0
    *** [29/11/2021 16:02:43] опрос точки 1130 ( УКПГ-10 (ОРЭМ-2 оч.)) завершился с кодом 1
    опрос 11 завершился успешно, всего неудач 0
    *** [29/11/2021 16:02:43] опрос точки 1131 ( УКПГ-10 (ОРЭМ-2 оч.)) завершился с кодом 1
    опрос 11 завершился успешно, всего неудач 0
    *** [29/11/2021 16:02:43] опрос точки 1132 ( УКПГ-10 (ОРЭМ-2 оч.)) завершился с кодом 1
    опрос 11 завершился успешно, всего неудач 0
    *** [29/11/2021 16:02:43] опрос точки 1133 ( rrrrrrrrrrrrrrrrrrrrrrrrrrrrrr) завершился с кодом 1
    опрос 11 завершился успешно, всего неудач 0
    *** [29/11/2021 16:02:43] опрос точки 1134 ( rrrrrrrrrrrrrrrrrrrrrrrrrrrrrr) завершился с кодом 1
    опрос 11 завершился успешно, всего неудач 0
    
    
    